<?xml version="1.0" encoding="UTF-8"?>
<!-- Generated by org.testng.reporters.JUnitReportReporter -->
<testsuite hostname="Blackshark-PC" failures="0" tests="3" name="com.crm.qa.testcases.LoginPageTest" time="43.605" errors="0" timestamp="2024-02-21T19:11:17 IST" skipped="0">
  <testcase classname="com.crm.qa.testcases.LoginPageTest" name="loginPageTitleTest" time="12.235"/>
  <testcase classname="com.crm.qa.testcases.LoginPageTest" name="loginPageLogoTest" time="9.535"/>
  <testcase classname="com.crm.qa.testcases.LoginPageTest" name="loginTest" time="21.835"/>
</testsuite> <!-- com.crm.qa.testcases.LoginPageTest -->
